app/build/intermediates/manifest_merge_blame_file/debug/processDebugMainManifest/manifest-merger-blame-debug-report.txt
1<?xml version="1.0" encoding="utf-8"?>
2<manifest xmlns:android="http://schemas.android.com/apk/res/android"
3    package="com.spacecolony"
4    android:versionCode="1"
5    android:versionName="1.0" >
6
7    <uses-sdk
8        android:minSdkVersion="21"
9        android:targetSdkVersion="34" />
10
11    <permission
11-->[androidx.core:core:1.9.0] AndroidManifest.xml:22:5-24:47
12        android:name="com.spacecolony.DYNAMIC_RECEIVER_NOT_EXPORTED_PERMISSION"
12-->[androidx.core:core:1.9.0] AndroidManifest.xml:23:9-81
13        android:protectionLevel="signature" />
13-->[androidx.core:core:1.9.0] AndroidManifest.xml:24:9-44
14
15    <uses-permission android:name="com.spacecolony.DYNAMIC_RECEIVER_NOT_EXPORTED_PERMISSION" />
15-->[androidx.core:core:1.9.0] AndroidManifest.xml:26:5-97
15-->[androidx.core:core:1.9.0] AndroidManifest.xml:26:22-94
16
17    <application
17-->src/main/AndroidManifest.xml:3:5-10:19
18        android:appComponentFactory="androidx.core.app.CoreComponentFactory"
18-->[androidx.core:core:1.9.0] AndroidManifest.xml:28:18-86
19        android:debuggable="true"
20        android:extractNativeLibs="true"
21        android:label="Space Colony"
21-->src/main/AndroidManifest.xml:3:18-46
22        android:testOnly="true"
23        android:theme="@style/Theme.AppCompat.Light.DarkActionBar" >
23-->src/main/AndroidManifest.xml:3:47-105
24        <activity
24-->src/main/AndroidManifest.xml:4:9-6:20
25            android:name="com.spacecolony.MainActivity"
25-->src/main/AndroidManifest.xml:4:19-47
26            android:exported="true" >
26-->src/main/AndroidManifest.xml:4:48-71
27            <intent-filter>
27-->src/main/AndroidManifest.xml:5:13-156
28                <action android:name="android.intent.action.MAIN" />
28-->src/main/AndroidManifest.xml:5:28-80
28-->src/main/AndroidManifest.xml:5:36-77
29
30                <category android:name="android.intent.category.LAUNCHER" />
30-->src/main/AndroidManifest.xml:5:80-140
30-->src/main/AndroidManifest.xml:5:90-137
31            </intent-filter>
32        </activity>
33        <activity android:name="com.spacecolony.CreateCrewActivity" />
33-->src/main/AndroidManifest.xml:7:9-56
33-->src/main/AndroidManifest.xml:7:19-53
34        <activity android:name="com.spacecolony.CrewListActivity" />
34-->src/main/AndroidManifest.xml:8:9-54
34-->src/main/AndroidManifest.xml:8:19-51
35        <activity android:name="com.spacecolony.MissionActivity" />
35-->src/main/AndroidManifest.xml:9:9-53
35-->src/main/AndroidManifest.xml:9:19-50
36
37        <provider
37-->[androidx.emoji2:emoji2:1.2.0] AndroidManifest.xml:24:9-32:20
38            android:name="androidx.startup.InitializationProvider"
38-->[androidx.emoji2:emoji2:1.2.0] AndroidManifest.xml:25:13-67
39            android:authorities="com.spacecolony.androidx-startup"
39-->[androidx.emoji2:emoji2:1.2.0] AndroidManifest.xml:26:13-68
40            android:exported="false" >
40-->[androidx.emoji2:emoji2:1.2.0] AndroidManifest.xml:27:13-37
41            <meta-data
41-->[androidx.emoji2:emoji2:1.2.0] AndroidManifest.xml:29:13-31:52
42                android:name="androidx.emoji2.text.EmojiCompatInitializer"
42-->[androidx.emoji2:emoji2:1.2.0] AndroidManifest.xml:30:17-75
43                android:value="androidx.startup" />
43-->[androidx.emoji2:emoji2:1.2.0] AndroidManifest.xml:31:17-49
44            <meta-data
44-->[androidx.lifecycle:lifecycle-process:2.4.1] AndroidManifest.xml:31:13-33:52
45                android:name="androidx.lifecycle.ProcessLifecycleInitializer"
45-->[androidx.lifecycle:lifecycle-process:2.4.1] AndroidManifest.xml:32:17-78
46                android:value="androidx.startup" />
46-->[androidx.lifecycle:lifecycle-process:2.4.1] AndroidManifest.xml:33:17-49
47        </provider>
48    </application>
49
50</manifest>